0 info it worked if it ends with ok
1 verbose cli [ '/usr/local/Cellar/node/6.2.2/bin/node',
1 verbose cli   '/usr/local/bin/npm',
1 verbose cli   'run',
1 verbose cli   'compile' ]
2 info using npm@3.9.5
3 info using node@v6.2.2
4 verbose run-script [ 'precompile', 'compile', 'postcompile' ]
5 info lifecycle @~precompile: @
6 silly lifecycle @~precompile: no script for precompile, continuing
7 info lifecycle @~compile: @
8 verbose lifecycle @~compile: unsafe-perm in lifecycle true
9 verbose lifecycle @~compile: PATH: /usr/local/lib/node_modules/npm/bin/node-gyp-bin:/Users/RedFlower/Desktop/uikit3docs-master/node_modules/.bin:/usr/local/Cellar/node/6.2.2/bin:/Users/RedFlower/bin:/usr/local/bin:/usr/local/bin:/usr/bin:/bin:/usr/sbin:/sbin
10 verbose lifecycle @~compile: CWD: /Users/RedFlower/Desktop/uikit3docs-master
11 silly lifecycle @~compile: Args: [ '-c',
11 silly lifecycle   'npm run compile-js && npm run compile-less && npm run compile-uikit' ]
12 silly lifecycle @~compile: Returned: code: 1  signal: null
13 info lifecycle @~compile: Failed to exec compile script
14 verbose stack Error: @ compile: `npm run compile-js && npm run compile-less && npm run compile-uikit`
14 verbose stack Exit status 1
14 verbose stack     at EventEmitter.<anonymous> (/usr/local/lib/node_modules/npm/lib/utils/lifecycle.js:245:16)
14 verbose stack     at emitTwo (events.js:106:13)
14 verbose stack     at EventEmitter.emit (events.js:191:7)
14 verbose stack     at ChildProcess.<anonymous> (/usr/local/lib/node_modules/npm/lib/utils/spawn.js:24:14)
14 verbose stack     at emitTwo (events.js:106:13)
14 verbose stack     at ChildProcess.emit (events.js:191:7)
14 verbose stack     at maybeClose (internal/child_process.js:852:16)
14 verbose stack     at Process.ChildProcess._handle.onexit (internal/child_process.js:215:5)
15 verbose pkgid @
16 verbose cwd /Users/RedFlower/Desktop/uikit3docs-master
17 error Darwin 16.4.0
18 error argv "/usr/local/Cellar/node/6.2.2/bin/node" "/usr/local/bin/npm" "run" "compile"
19 error node v6.2.2
20 error npm  v3.9.5
21 error code ELIFECYCLE
22 error @ compile: `npm run compile-js && npm run compile-less && npm run compile-uikit`
22 error Exit status 1
23 error Failed at the @ compile script 'npm run compile-js && npm run compile-less && npm run compile-uikit'.
23 error Make sure you have the latest version of node.js and npm installed.
23 error If you do, this is most likely a problem with the  package,
23 error not with npm itself.
23 error Tell the author that this fails on your system:
23 error     npm run compile-js && npm run compile-less && npm run compile-uikit
23 error You can get information on how to open an issue for this project with:
23 error     npm bugs
23 error Or if that isn't available, you can get their info via:
23 error     npm owner ls
23 error There is likely additional logging output above.
24 verbose exit [ 1, true ]
